<?xml version="1.0" encoding="UTF-8"?>
<testsuite name="com.example.management.ManagementApplicationTests" tests="1" skipped="0" failures="0" errors="0" timestamp="2026-02-04T02:49:24" hostname="RubenS" time="1.038">
  <properties/>
  <testcase name="contextLoads()" classname="com.example.management.ManagementApplicationTests" time="1.038"/>
  <system-out><![CDATA[21:49:21.416 [Test worker] INFO org.springframework.test.context.support.AnnotationConfigContextLoaderUtils -- Could not detect default configuration classes for test class [com.example.management.ManagementApplicationTests]: ManagementApplicationTests does not declare any static, non-private, non-final, nested classes annotated with @Configuration.
21:49:21.594 [Test worker] INFO org.springframework.boot.test.context.SpringBootTestContextBootstrapper -- Found @SpringBootConfiguration com.example.management.ManagementApplication for test class com.example.management.ManagementApplicationTests

  .   ____          _            __ _ _
 /\\ / ___'_ __ _ _(_)_ __  __ _ \ \ \ \
( ( )\___ | '_ | '_| | '_ \/ _` | \ \ \ \
 \\/  ___)| |_)| | | | | || (_| |  ) ) ) )
  '  |____| .__|_| |_|_| |_\__, | / / / /
 =========|_|==============|___/=/_/_/_/
 :: Spring Boot ::                (v3.2.0)

2026-02-03T21:49:22.271-05:00  INFO 50868 --- [management] [    Test worker] c.e.m.ManagementApplicationTests         : Starting ManagementApplicationTests using Java 17.0.18 with PID 50868 (started by root in /root/agent_code_generator/workspaces/order_management_workspace/order-management_v4)
2026-02-03T21:49:22.275-05:00  INFO 50868 --- [management] [    Test worker] c.e.m.ManagementApplicationTests         : No active profile set, falling back to 1 default profile: "default"
2026-02-03T21:49:24.604-05:00  INFO 50868 --- [management] [    Test worker] c.e.m.ManagementApplicationTests         : Started ManagementApplicationTests in 2.729 seconds (process running for 4.755)
]]></system-out>
  <system-err><![CDATA[]]></system-err>
</testsuite>
