<?xml version="1.0" encoding="UTF-8"?>
<testsuite name="invariantes" tests="8" skipped="0" failures="0" errors="0" timestamp="2026-02-04T02:52:18" hostname="RubenS" time="0.04">
  <properties/>
  <testcase name="total es suma de lineTotal de las líneas" classname="com.example.management.domain.model.OrderTest$Invariants" time="0.001"/>
  <testcase name="rechaza status nulo" classname="com.example.management.domain.model.OrderTest$Invariants" time="0.002"/>
  <testcase name="rechaza id nulo" classname="com.example.management.domain.model.OrderTest$Invariants" time="0.002"/>
  <testcase name="rechaza lista de líneas vacía" classname="com.example.management.domain.model.OrderTest$Invariants" time="0.004"/>
  <testcase name="crea pedido válido con líneas y total coherente" classname="com.example.management.domain.model.OrderTest$Invariants" time="0.003"/>
  <testcase name="rechaza customerId nulo o vacío" classname="com.example.management.domain.model.OrderTest$Invariants" time="0.004"/>
  <testcase name="rechaza líneas nulas" classname="com.example.management.domain.model.OrderTest$Invariants" time="0.003"/>
  <testcase name="las líneas devueltas son inmutables (copia defensiva)" classname="com.example.management.domain.model.OrderTest$Invariants" time="0.003"/>
  <system-out><![CDATA[]]></system-out>
  <system-err><![CDATA[]]></system-err>
</testsuite>
